14:31:44.961 [info] Starting the RIAK metadata backend
14:31:44.964 [info] RIAK server host: nil
14:31:44.964 [info] RIAK server port: nil
14:31:44.964 [info] RIAK index: nil
14:31:44.964 [info] RIAK bucket: {nil, nil}
14:33:32.043 [info] Starting the RIAK metadata backend
14:33:32.056 [info] RIAK server host: nil
14:33:32.056 [info] RIAK server port: nil
14:33:32.056 [info] RIAK index: nil
14:33:32.057 [info] RIAK bucket: {nil, nil}
14:36:07.293 [info] Starting the RIAK metadata backend
14:36:07.305 [info] RIAK server host: nil
14:36:07.305 [info] RIAK server port: nil
14:36:07.305 [info] RIAK index: nil
14:36:07.306 [info] RIAK bucket: {nil, nil}
14:36:23.700 [info] Starting the RIAK metadata backend
14:36:23.708 [info] RIAK server host: nil
14:36:23.708 [info] RIAK server port: nil
14:36:23.708 [info] RIAK index: nil
14:36:23.709 [info] RIAK bucket: {nil, nil}
14:37:09.365 [info] Starting the RIAK metadata backend
14:37:09.376 [info] RIAK server host: nil
14:37:09.376 [info] RIAK server port: nil
14:37:09.376 [info] RIAK index: nil
14:37:09.379 [info] RIAK bucket: {nil, nil}
14:50:57.229 [info] Starting the RIAK metadata backend
14:50:57.231 [info] RIAK server host: nil
14:50:57.231 [info] RIAK server port: nil
14:50:57.231 [info] RIAK index: nil
14:50:57.231 [info] RIAK bucket: {nil, nil}
14:56:14.978 [info] Starting the RIAK metadata backend
14:56:14.981 [info] RIAK server host: nil
14:56:14.982 [info] RIAK server port: nil
14:56:14.982 [info] RIAK index: nil
14:56:14.986 [info] RIAK bucket: {nil, nil}
14:59:27.008 [info] Starting the RIAK metadata backend
14:59:27.018 [info] RIAK server host: nil
14:59:27.018 [info] RIAK server port: nil
14:59:27.018 [info] RIAK index: nil
14:59:27.020 [info] RIAK bucket: {nil, nil}
15:01:19.851 [info] Starting the RIAK metadata backend
15:01:19.863 [info] RIAK server host: nil
15:01:19.863 [info] RIAK server port: nil
15:01:19.863 [info] RIAK index: nil
15:01:19.865 [info] RIAK bucket: {nil, nil}
15:07:25.919 [info] Starting the RIAK metadata backend
15:07:25.927 [info] RIAK server host: nil
15:07:25.927 [info] RIAK server port: nil
15:07:25.927 [info] RIAK index: nil
15:07:25.928 [info] RIAK bucket: {nil, nil}
15:08:21.022 [info] Starting the RIAK metadata backend
15:08:21.025 [info] RIAK server host: nil
15:08:21.025 [info] RIAK server port: nil
15:08:21.025 [info] RIAK index: nil
15:08:21.027 [info] RIAK bucket: {nil, nil}
15:08:46.588 [info] Starting the RIAK metadata backend
15:08:46.596 [info] RIAK server host: nil
15:08:46.596 [info] RIAK server port: nil
15:08:46.596 [info] RIAK index: nil
15:08:46.598 [info] RIAK bucket: {nil, nil}
15:10:03.456 [info] Starting the RIAK metadata backend
15:10:03.460 [info] RIAK server host: nil
15:10:03.460 [info] RIAK server port: nil
15:10:03.460 [info] RIAK index: nil
15:10:03.462 [info] RIAK bucket: {nil, nil}
15:11:26.442 [info] Starting the RIAK metadata backend
15:11:26.450 [info] RIAK server host: nil
15:11:26.450 [info] RIAK server port: nil
15:11:26.450 [info] RIAK index: nil
15:11:26.451 [info] RIAK bucket: {nil, nil}
15:17:15.376 [info] Starting the RIAK metadata backend
15:17:15.379 [info] RIAK server host: nil
15:17:15.379 [info] RIAK server port: nil
15:17:15.379 [info] RIAK index: nil
15:17:15.382 [info] RIAK bucket: {nil, nil}
15:17:46.748 [info] Starting the RIAK metadata backend
15:17:46.760 [info] RIAK server host: nil
15:17:46.760 [info] RIAK server port: nil
15:17:46.760 [info] RIAK index: nil
15:17:46.761 [info] RIAK bucket: {nil, nil}
15:27:00.622 [info] Starting the RIAK metadata backend
15:27:00.635 [info] RIAK server host: nil
15:27:00.635 [info] RIAK server port: nil
15:27:00.635 [info] RIAK index: nil
15:27:00.636 [info] RIAK bucket: {nil, nil}
15:27:22.072 [info] Starting the RIAK metadata backend
15:27:22.081 [info] RIAK server host: nil
15:27:22.081 [info] RIAK server port: nil
15:27:22.081 [info] RIAK index: nil
15:27:22.082 [info] RIAK bucket: {nil, nil}
15:27:56.063 [info] Starting the RIAK metadata backend
15:27:56.072 [info] RIAK server host: nil
15:27:56.072 [info] RIAK server port: nil
15:27:56.072 [info] RIAK index: nil
15:27:56.073 [info] RIAK bucket: {nil, nil}
15:28:31.969 [info] Starting the RIAK metadata backend
15:28:31.972 [info] RIAK server host: nil
15:28:31.972 [info] RIAK server port: nil
15:28:31.972 [info] RIAK index: nil
15:28:31.972 [info] RIAK bucket: {nil, nil}
15:29:17.733 [info] Starting the RIAK metadata backend
15:29:17.741 [info] RIAK server host: nil
15:29:17.741 [info] RIAK server port: nil
15:29:17.741 [info] RIAK index: nil
15:29:17.742 [info] RIAK bucket: {nil, nil}
15:30:14.180 [info] Starting the RIAK metadata backend
15:30:14.188 [info] RIAK server host: nil
15:30:14.189 [info] RIAK server port: nil
15:30:14.189 [info] RIAK index: nil
15:30:14.190 [info] RIAK bucket: {nil, nil}
15:30:37.470 [info] Starting the RIAK metadata backend
15:30:37.482 [info] RIAK server host: nil
15:30:37.482 [info] RIAK server port: nil
15:30:37.482 [info] RIAK index: nil
15:30:37.483 [info] RIAK bucket: {nil, nil}
15:33:35.999 [info] Starting the RIAK metadata backend
15:33:36.007 [info] RIAK server host: nil
15:33:36.007 [info] RIAK server port: nil
15:33:36.007 [info] RIAK index: nil
15:33:36.008 [info] RIAK bucket: {nil, nil}
15:34:12.774 [info] Starting the RIAK metadata backend
15:34:12.782 [info] RIAK server host: nil
15:34:12.782 [info] RIAK server port: nil
15:34:12.782 [info] RIAK index: nil
15:34:12.782 [info] RIAK bucket: {nil, nil}
15:34:22.357 [info] Starting the RIAK metadata backend
15:34:22.363 [info] RIAK server host: nil
15:34:22.363 [info] RIAK server port: nil
15:34:22.363 [info] RIAK index: nil
15:34:22.363 [info] RIAK bucket: {nil, nil}
15:36:52.672 [info] Starting the RIAK metadata backend
15:36:52.682 [info] RIAK server host: nil
15:36:52.682 [info] RIAK server port: nil
15:36:52.682 [info] RIAK index: nil
15:36:52.683 [info] RIAK bucket: {nil, nil}
15:38:01.928 [info] Starting the RIAK metadata backend
15:38:01.940 [info] RIAK server host: nil
15:38:01.940 [info] RIAK server port: nil
15:38:01.940 [info] RIAK index: nil
15:38:01.941 [info] RIAK bucket: {nil, nil}
15:38:26.025 [info] Starting the RIAK metadata backend
15:38:26.034 [info] RIAK server host: nil
15:38:26.034 [info] RIAK server port: nil
15:38:26.034 [info] RIAK index: nil
15:38:26.035 [info] RIAK bucket: {nil, nil}
15:38:52.203 [info] Starting the RIAK metadata backend
15:38:52.213 [info] RIAK server host: nil
15:38:52.213 [info] RIAK server port: nil
15:38:52.213 [info] RIAK index: nil
15:38:52.215 [info] RIAK bucket: {nil, nil}
15:39:05.152 [info] Starting the RIAK metadata backend
15:39:05.165 [info] RIAK server host: nil
15:39:05.165 [info] RIAK server port: nil
15:39:05.165 [info] RIAK index: nil
15:39:05.166 [info] RIAK bucket: {nil, nil}
15:39:16.655 [info] Starting the RIAK metadata backend
15:39:16.667 [info] RIAK server host: nil
15:39:16.667 [info] RIAK server port: nil
15:39:16.667 [info] RIAK index: nil
15:39:16.668 [info] RIAK bucket: {nil, nil}
15:40:00.700 [info] Starting the RIAK metadata backend
15:40:00.707 [info] RIAK server host: nil
15:40:00.707 [info] RIAK server port: nil
15:40:00.707 [info] RIAK index: nil
15:40:00.709 [info] RIAK bucket: {nil, nil}
15:40:19.692 [info] Starting the RIAK metadata backend
15:40:19.700 [info] RIAK server host: nil
15:40:19.700 [info] RIAK server port: nil
15:40:19.700 [info] RIAK index: nil
15:40:19.702 [info] RIAK bucket: {nil, nil}
15:40:30.960 [info] Starting the RIAK metadata backend
15:40:30.969 [info] RIAK server host: nil
15:40:30.969 [info] RIAK server port: nil
15:40:30.969 [info] RIAK index: nil
15:40:30.970 [info] RIAK bucket: {nil, nil}
15:45:29.808 [info] Starting the RIAK metadata backend
15:45:29.820 [info] RIAK server host: nil
15:45:29.820 [info] RIAK server port: nil
15:45:29.820 [info] RIAK index: nil
15:45:29.822 [info] RIAK bucket: {nil, nil}
15:48:15.537 [info] Starting the RIAK metadata backend
15:48:15.546 [info] RIAK server host: nil
15:48:15.546 [info] RIAK server port: nil
15:48:15.546 [info] RIAK index: nil
15:48:15.548 [info] RIAK bucket: {nil, nil}
15:49:12.509 [error] pool 'riaklocal1' failed to start member: {:error, {:tcp, :nxdomain}}
15:49:12.509 [error] pool 'riaklocal1' failed to start member: {:error, {:tcp, :nxdomain}}
15:49:12.509 [error] pool 'riaklocal1' failed to start member: {:error, {:tcp, :nxdomain}}
15:49:12.509 [error] pool 'riaklocal1' failed to start member: {:error, {:tcp, :nxdomain}}
15:49:12.509 [error] pool 'riaklocal1' failed to start member: {:error, {:tcp, :nxdomain}}
15:49:12.515 [info] Starting the RIAK metadata backend
15:49:12.517 [info] RIAK server host: nil
15:49:12.517 [info] RIAK server port: nil
15:49:12.517 [info] RIAK index: nil
15:49:12.517 [info] RIAK bucket: {nil, nil}
15:50:47.087 [info] Starting the RIAK metadata backend
15:50:47.097 [info] RIAK server host: nil
15:50:47.097 [info] RIAK server port: nil
15:50:47.097 [info] RIAK index: nil
15:50:47.098 [info] RIAK bucket: {nil, nil}
15:51:10.086 [info] Starting the RIAK metadata backend
15:51:10.095 [info] RIAK server host: nil
15:51:10.095 [info] RIAK server port: nil
15:51:10.095 [info] RIAK index: nil
15:51:10.096 [info] RIAK bucket: {nil, nil}
15:51:41.001 [info] Starting the RIAK metadata backend
15:51:41.013 [info] RIAK server host: nil
15:51:41.013 [info] RIAK server port: nil
15:51:41.013 [info] RIAK index: nil
15:51:41.014 [info] RIAK bucket: {nil, nil}
15:52:36.836 [info] Starting the RIAK metadata backend
15:52:36.850 [info] RIAK server host: nil
15:52:36.850 [info] RIAK server port: nil
15:52:36.850 [info] RIAK index: nil
15:52:36.851 [info] RIAK bucket: {nil, nil}
15:53:50.002 [info] Starting the RIAK metadata backend
15:53:50.008 [info] RIAK server host: nil
15:53:50.008 [info] RIAK server port: nil
15:53:50.008 [info] RIAK index: nil
15:53:50.008 [info] RIAK bucket: {nil, nil}
15:58:38.482 [info] Starting the RIAK metadata backend
15:58:38.486 [info] RIAK server host: nil
15:58:38.486 [info] RIAK server port: nil
15:58:38.486 [info] RIAK index: nil
15:58:38.486 [info] RIAK bucket: {nil, nil}
16:02:22.162 [info] Starting the RIAK metadata backend
16:02:22.164 [info] RIAK server host: nil
16:02:22.164 [info] RIAK server port: nil
16:02:22.164 [info] RIAK index: nil
16:02:22.164 [info] RIAK bucket: {nil, nil}
16:03:34.755 [info] Starting the RIAK metadata backend
16:03:34.764 [info] RIAK server host: nil
16:03:34.764 [info] RIAK server port: nil
16:03:34.764 [info] RIAK index: nil
16:03:34.766 [info] RIAK bucket: {nil, nil}
16:06:46.525 [info] Starting the RIAK metadata backend
16:06:46.527 [info] RIAK server host: nil
16:06:46.527 [info] RIAK server port: nil
16:06:46.527 [info] RIAK index: nil
16:06:46.527 [info] RIAK bucket: {nil, nil}
16:07:50.602 [info] Starting the RIAK metadata backend
16:07:50.611 [info] RIAK server host: nil
16:07:50.611 [info] RIAK server port: nil
16:07:50.611 [info] RIAK index: nil
16:07:50.611 [info] RIAK bucket: {nil, nil}
16:09:09.449 [info] Starting the RIAK metadata backend
16:09:09.461 [info] RIAK server host: nil
16:09:09.461 [info] RIAK server port: nil
16:09:09.461 [info] RIAK index: nil
16:09:09.462 [info] RIAK bucket: {nil, nil}
16:10:02.347 [info] Starting the RIAK metadata backend
16:10:02.359 [info] RIAK server host: nil
16:10:02.359 [info] RIAK server port: nil
16:10:02.359 [info] RIAK index: nil
16:10:02.360 [info] RIAK bucket: {nil, nil}
16:10:43.031 [info] Starting the RIAK metadata backend
16:10:43.039 [info] RIAK server host: nil
16:10:43.039 [info] RIAK server port: nil
16:10:43.039 [info] RIAK index: nil
16:10:43.041 [info] RIAK bucket: {nil, nil}
16:11:57.338 [info] Starting the RIAK metadata backend
16:11:57.347 [info] RIAK server host: nil
16:11:57.347 [info] RIAK server port: nil
16:11:57.347 [info] RIAK index: nil
16:11:57.348 [info] RIAK bucket: {nil, nil}
16:12:28.663 [info] Starting the RIAK metadata backend
16:12:28.665 [info] RIAK server host: nil
16:12:28.665 [info] RIAK server port: nil
16:12:28.665 [info] RIAK index: nil
16:12:28.665 [info] RIAK bucket: {nil, nil}
16:16:55.196 [info] Starting the RIAK metadata backend
16:16:55.205 [info] RIAK server host: nil
16:16:55.205 [info] RIAK server port: nil
16:16:55.205 [info] RIAK index: nil
16:16:55.206 [info] RIAK bucket: {nil, nil}
16:19:00.602 [info] Starting the RIAK metadata backend
16:19:00.610 [info] RIAK server host: nil
16:19:00.610 [info] RIAK server port: nil
16:19:00.610 [info] RIAK index: nil
16:19:00.612 [info] RIAK bucket: {nil, nil}
10:20:39.361 [info] Starting the RIAK metadata backend
10:20:39.370 [info] RIAK server host: nil
10:20:39.370 [info] RIAK server port: nil
10:20:39.370 [info] RIAK index: nil
10:20:39.372 [info] RIAK bucket: {nil, nil}
10:20:55.884 [info] Starting the RIAK metadata backend
10:20:55.897 [info] RIAK server host: nil
10:20:55.897 [info] RIAK server port: nil
10:20:55.897 [info] RIAK index: nil
10:20:55.900 [info] RIAK bucket: {nil, nil}
10:21:59.901 [info] Starting the RIAK metadata backend
10:21:59.913 [info] RIAK server host: nil
10:21:59.913 [info] RIAK server port: nil
10:21:59.913 [info] RIAK index: nil
10:21:59.915 [info] RIAK bucket: {nil, nil}
10:24:43.356 [info] Starting the RIAK metadata backend
10:24:43.367 [info] RIAK server host: nil
10:24:43.367 [info] RIAK server port: nil
10:24:43.367 [info] RIAK index: nil
10:24:43.368 [info] RIAK bucket: {nil, nil}
10:25:43.530 [info] Starting the RIAK metadata backend
10:25:43.539 [info] RIAK server host: nil
10:25:43.539 [info] RIAK server port: nil
10:25:43.539 [info] RIAK index: nil
10:25:43.540 [info] RIAK bucket: {nil, nil}
10:26:34.846 [info] Starting the RIAK metadata backend
10:26:34.857 [info] RIAK server host: nil
10:26:34.857 [info] RIAK server port: nil
10:26:34.857 [info] RIAK index: nil
10:26:34.859 [info] RIAK bucket: {nil, nil}
10:39:35.475 [info] Starting the RIAK metadata backend
10:39:35.485 [info] RIAK server host: nil
10:39:35.485 [info] RIAK server port: nil
10:39:35.485 [info] RIAK index: nil
10:39:35.487 [info] RIAK bucket: {nil, nil}
10:41:49.622 [info] Starting the RIAK metadata backend
10:41:49.630 [info] RIAK server host: nil
10:41:49.630 [info] RIAK server port: nil
10:41:49.630 [info] RIAK index: nil
10:41:49.631 [info] RIAK bucket: {nil, nil}
10:42:33.403 [info] Starting the RIAK metadata backend
10:42:33.416 [info] RIAK server host: nil
10:42:33.416 [info] RIAK server port: nil
10:42:33.416 [info] RIAK index: nil
10:42:33.418 [info] RIAK bucket: {nil, nil}
10:43:16.478 [info] Starting the RIAK metadata backend
10:43:16.488 [info] RIAK server host: nil
10:43:16.488 [info] RIAK server port: nil
10:43:16.488 [info] RIAK index: nil
10:43:16.490 [info] RIAK bucket: {nil, nil}
10:43:29.888 [info] Starting the RIAK metadata backend
10:43:29.900 [info] RIAK server host: nil
10:43:29.900 [info] RIAK server port: nil
10:43:29.900 [info] RIAK index: nil
10:43:29.902 [info] RIAK bucket: {nil, nil}
10:46:41.378 [info] Starting the RIAK metadata backend
10:46:41.388 [info] RIAK server host: nil
10:46:41.388 [info] RIAK server port: nil
10:46:41.388 [info] RIAK index: nil
10:46:41.389 [info] RIAK bucket: {nil, nil}
10:48:34.140 [info] Starting the RIAK metadata backend
10:48:34.153 [info] RIAK server host: nil
10:48:34.153 [info] RIAK server port: nil
10:48:34.153 [info] RIAK index: nil
10:48:34.154 [info] RIAK bucket: {nil, nil}
10:49:33.700 [info] Starting the RIAK metadata backend
10:49:33.707 [info] RIAK server host: nil
10:49:33.707 [info] RIAK server port: nil
10:49:33.707 [info] RIAK index: nil
10:49:33.708 [info] RIAK bucket: {nil, nil}
10:51:12.158 [info] Starting the RIAK metadata backend
10:51:12.165 [info] RIAK server host: nil
10:51:12.165 [info] RIAK server port: nil
10:51:12.165 [info] RIAK index: nil
10:51:12.167 [info] RIAK bucket: {nil, nil}
10:54:55.841 [info] Starting the RIAK metadata backend
10:54:55.851 [info] RIAK server host: nil
10:54:55.851 [info] RIAK server port: nil
10:54:55.851 [info] RIAK index: nil
10:54:55.855 [info] RIAK bucket: {nil, nil}
10:56:25.324 [info] Starting the RIAK metadata backend
10:56:25.333 [info] RIAK server host: nil
10:56:25.333 [info] RIAK server port: nil
10:56:25.333 [info] RIAK index: nil
10:56:25.334 [info] RIAK bucket: {nil, nil}
13:19:43.359 [info] Starting the RIAK metadata backend
13:19:43.370 [info] RIAK server host: nil
13:19:43.370 [info] RIAK server port: nil
13:19:43.370 [info] RIAK index: nil
13:19:43.372 [info] RIAK bucket: {nil, nil}
13:20:39.153 [info] Starting the RIAK metadata backend
13:20:39.162 [info] RIAK server host: nil
13:20:39.162 [info] RIAK server port: nil
13:20:39.162 [info] RIAK index: nil
13:20:39.163 [info] RIAK bucket: {nil, nil}
13:22:04.514 [info] Starting the RIAK metadata backend
13:22:04.524 [info] RIAK server host: nil
13:22:04.524 [info] RIAK server port: nil
13:22:04.524 [info] RIAK index: nil
13:22:04.526 [info] RIAK bucket: {nil, nil}
13:22:38.192 [info] Starting the RIAK metadata backend
13:22:38.204 [info] RIAK server host: nil
13:22:38.204 [info] RIAK server port: nil
13:22:38.204 [info] RIAK index: nil
13:22:38.206 [info] RIAK bucket: {nil, nil}
13:23:05.293 [info] Starting the RIAK metadata backend
13:23:05.302 [info] RIAK server host: nil
13:23:05.302 [info] RIAK server port: nil
13:23:05.302 [info] RIAK index: nil
13:23:05.303 [info] RIAK bucket: {nil, nil}
13:23:20.146 [info] Starting the RIAK metadata backend
13:23:20.157 [info] RIAK server host: nil
13:23:20.157 [info] RIAK server port: nil
13:23:20.157 [info] RIAK index: nil
13:23:20.159 [info] RIAK bucket: {nil, nil}
13:24:55.652 [info] Starting the RIAK metadata backend
13:24:55.666 [info] RIAK server host: nil
13:24:55.666 [info] RIAK server port: nil
13:24:55.666 [info] RIAK index: nil
13:24:55.668 [info] RIAK bucket: {nil, nil}
13:31:15.975 [info] Starting the RIAK metadata backend
13:31:15.984 [info] RIAK server host: nil
13:31:15.984 [info] RIAK server port: nil
13:31:15.984 [info] RIAK index: nil
13:31:15.985 [info] RIAK bucket: {nil, nil}
13:33:36.913 [info] Starting the RIAK metadata backend
13:33:36.919 [info] RIAK server host: nil
13:33:36.920 [info] RIAK server port: nil
13:33:36.920 [info] RIAK index: nil
13:33:36.921 [info] RIAK bucket: {nil, nil}
13:36:01.147 [info] Starting the RIAK metadata backend
13:36:01.162 [info] RIAK server host: nil
13:36:01.162 [info] RIAK server port: nil
13:36:01.162 [info] RIAK index: nil
13:36:01.164 [info] RIAK bucket: {nil, nil}
13:36:19.447 [info] Starting the RIAK metadata backend
13:36:19.456 [info] RIAK server host: nil
13:36:19.456 [info] RIAK server port: nil
13:36:19.456 [info] RIAK index: nil
13:36:19.458 [info] RIAK bucket: {nil, nil}
13:40:01.743 [info] Starting the RIAK metadata backend
13:40:01.752 [info] RIAK server host: nil
13:40:01.752 [info] RIAK server port: nil
13:40:01.752 [info] RIAK index: nil
13:40:01.753 [info] RIAK bucket: {nil, nil}
13:40:24.911 [info] Starting the RIAK metadata backend
13:40:24.919 [info] RIAK server host: nil
13:40:24.919 [info] RIAK server port: nil
13:40:24.919 [info] RIAK index: nil
13:40:24.920 [info] RIAK bucket: {nil, nil}
13:41:02.287 [info] Starting the RIAK metadata backend
13:41:02.297 [info] RIAK server host: nil
13:41:02.297 [info] RIAK server port: nil
13:41:02.297 [info] RIAK index: nil
13:41:02.299 [info] RIAK bucket: {nil, nil}
13:42:16.852 [info] Starting the RIAK metadata backend
13:42:16.864 [info] RIAK server host: nil
13:42:16.864 [info] RIAK server port: nil
13:42:16.864 [info] RIAK index: nil
13:42:16.865 [info] RIAK bucket: {nil, nil}
13:42:54.017 [info] Starting the RIAK metadata backend
13:42:54.026 [info] RIAK server host: nil
13:42:54.026 [info] RIAK server port: nil
13:42:54.026 [info] RIAK index: nil
13:42:54.027 [info] RIAK bucket: {nil, nil}
13:43:42.686 [info] Starting the RIAK metadata backend
13:43:42.695 [info] RIAK server host: nil
13:43:42.695 [info] RIAK server port: nil
13:43:42.695 [info] RIAK index: nil
13:43:42.696 [info] RIAK bucket: {nil, nil}
13:45:15.904 [info] Starting the RIAK metadata backend
13:45:15.913 [info] RIAK server host: nil
13:45:15.913 [info] RIAK server port: nil
13:45:15.913 [info] RIAK index: nil
13:45:15.914 [info] RIAK bucket: {nil, nil}
13:45:39.151 [info] Starting the RIAK metadata backend
13:45:39.160 [info] RIAK server host: nil
13:45:39.160 [info] RIAK server port: nil
13:45:39.160 [info] RIAK index: nil
13:45:39.161 [info] RIAK bucket: {nil, nil}
13:47:17.013 [info] Starting the RIAK metadata backend
13:47:17.026 [info] RIAK server host: nil
13:47:17.026 [info] RIAK server port: nil
13:47:17.026 [info] RIAK index: nil
13:47:17.028 [info] RIAK bucket: {nil, nil}
13:47:43.477 [info] Starting the RIAK metadata backend
13:47:43.494 [info] RIAK server host: nil
13:47:43.494 [info] RIAK server port: nil
13:47:43.494 [info] RIAK index: nil
13:47:43.498 [info] RIAK bucket: {nil, nil}
13:50:22.629 [info] Starting the RIAK metadata backend
13:50:22.642 [info] RIAK server host: nil
13:50:22.642 [info] RIAK server port: nil
13:50:22.642 [info] RIAK index: nil
13:50:22.644 [info] RIAK bucket: {nil, nil}
13:53:08.728 [info] Starting the RIAK metadata backend
13:53:08.736 [info] RIAK server host: nil
13:53:08.736 [info] RIAK server port: nil
13:53:08.736 [info] RIAK index: nil
13:53:08.737 [info] RIAK bucket: {nil, nil}
13:55:20.972 [info] Starting the RIAK metadata backend
13:55:20.979 [info] RIAK server host: nil
13:55:20.980 [info] RIAK server port: nil
13:55:20.980 [info] RIAK index: nil
13:55:20.980 [info] RIAK bucket: {nil, nil}
13:58:13.717 [info] Starting the RIAK metadata backend
13:58:13.727 [info] RIAK server host: nil
13:58:13.727 [info] RIAK server port: nil
13:58:13.727 [info] RIAK index: nil
13:58:13.728 [info] RIAK bucket: {nil, nil}
14:00:22.591 [info] Starting the RIAK metadata backend
14:00:22.600 [info] RIAK server host: nil
14:00:22.600 [info] RIAK server port: nil
14:00:22.600 [info] RIAK index: nil
14:00:22.602 [info] RIAK bucket: {nil, nil}
14:00:54.285 [info] Starting the RIAK metadata backend
14:00:54.297 [info] RIAK server host: nil
14:00:54.297 [info] RIAK server port: nil
14:00:54.297 [info] RIAK index: nil
14:00:54.299 [info] RIAK bucket: {nil, nil}
14:01:08.385 [info] Starting the RIAK metadata backend
14:01:08.396 [info] RIAK server host: nil
14:01:08.396 [info] RIAK server port: nil
14:01:08.396 [info] RIAK index: nil
14:01:08.397 [info] RIAK bucket: {nil, nil}
14:01:24.951 [info] Starting the RIAK metadata backend
14:01:24.960 [info] RIAK server host: nil
14:01:24.960 [info] RIAK server port: nil
14:01:24.960 [info] RIAK index: nil
14:01:24.961 [info] RIAK bucket: {nil, nil}
14:01:54.912 [info] Starting the RIAK metadata backend
14:01:54.922 [info] RIAK server host: nil
14:01:54.922 [info] RIAK server port: nil
14:01:54.922 [info] RIAK index: nil
14:01:54.924 [info] RIAK bucket: {nil, nil}
14:03:11.930 [info] Starting the RIAK metadata backend
14:03:11.939 [info] RIAK server host: nil
14:03:11.939 [info] RIAK server port: nil
14:03:11.939 [info] RIAK index: nil
14:03:11.940 [info] RIAK bucket: {nil, nil}
14:10:25.815 [info] Starting the RIAK metadata backend
14:10:25.822 [info] RIAK server host: nil
14:10:25.822 [info] RIAK server port: nil
14:10:25.822 [info] RIAK index: nil
14:10:25.824 [info] RIAK bucket: {nil, nil}
14:10:55.919 [info] Starting the RIAK metadata backend
14:10:55.928 [info] RIAK server host: nil
14:10:55.928 [info] RIAK server port: nil
14:10:55.928 [info] RIAK index: nil
14:10:55.929 [info] RIAK bucket: {nil, nil}
14:11:15.373 [info] Starting the RIAK metadata backend
14:11:15.382 [info] RIAK server host: nil
14:11:15.382 [info] RIAK server port: nil
14:11:15.382 [info] RIAK index: nil
14:11:15.383 [info] RIAK bucket: {nil, nil}
14:11:37.624 [info] Starting the RIAK metadata backend
14:11:37.633 [info] RIAK server host: nil
14:11:37.633 [info] RIAK server port: nil
14:11:37.633 [info] RIAK index: nil
14:11:37.634 [info] RIAK bucket: {nil, nil}
14:11:50.471 [info] Starting the RIAK metadata backend
14:11:50.480 [info] RIAK server host: nil
14:11:50.480 [info] RIAK server port: nil
14:11:50.480 [info] RIAK index: nil
14:11:50.482 [info] RIAK bucket: {nil, nil}
14:11:58.955 [info] Starting the RIAK metadata backend
14:11:58.965 [info] RIAK server host: nil
14:11:58.965 [info] RIAK server port: nil
14:11:58.965 [info] RIAK index: nil
14:11:58.967 [info] RIAK bucket: {nil, nil}
