11:19:12.613 [info] Starting the RIAK metadata backend
11:19:12.616 [info] RIAK server host: nil
11:19:12.616 [info] RIAK server port: nil
11:19:12.616 [info] RIAK index: nil
11:19:12.616 [info] RIAK bucket: {nil, nil}
11:19:12.714 [debug] get_domain_hash 2 for "/cdmi_domains"
11:20:03.768 [info] Starting the RIAK metadata backend
11:20:03.780 [info] RIAK server host: nil
11:20:03.780 [info] RIAK server port: nil
11:20:03.780 [info] RIAK index: nil
11:20:03.781 [info] RIAK bucket: {nil, nil}
11:20:03.888 [debug] get_domain_hash 2 for "/cdmi_domains/"
11:20:20.869 [info] Starting the RIAK metadata backend
11:20:20.878 [info] RIAK server host: nil
11:20:20.878 [info] RIAK server port: nil
11:20:20.878 [info] RIAK index: nil
11:20:20.880 [info] RIAK bucket: {nil, nil}
11:20:21.027 [debug] get_domain_hash 2 for "cdmi_domains/"
11:22:36.813 [info] Starting the RIAK metadata backend
11:22:36.826 [info] RIAK server host: nil
11:22:36.826 [info] RIAK server port: nil
11:22:36.826 [info] RIAK index: nil
11:22:36.827 [info] RIAK bucket: {nil, nil}
11:22:36.927 [debug] get_domain_hash 2 for "/cdmi_domains/system_domain/"
11:24:49.455 [info] Starting the RIAK metadata backend
11:24:49.463 [info] RIAK server host: nil
11:24:49.463 [info] RIAK server port: nil
11:24:49.463 [info] RIAK index: nil
11:24:49.464 [info] RIAK bucket: {nil, nil}
11:25:03.639 [info] Starting the RIAK metadata backend
11:25:03.652 [info] RIAK server host: nil
11:25:03.652 [info] RIAK server port: nil
11:25:03.652 [info] RIAK index: nil
11:25:03.654 [info] RIAK bucket: {nil, nil}
11:25:03.752 [debug] get_domain_hash for "/cdmi_domains/system_domain/"
11:26:21.018 [info] Starting the RIAK metadata backend
11:26:21.025 [info] RIAK server host: nil
11:26:21.025 [info] RIAK server port: nil
11:26:21.025 [info] RIAK index: nil
11:26:21.026 [info] RIAK bucket: {nil, nil}
11:26:21.138 [debug] get_domain_hash for "/cdmi_domains/system_domain/"
11:27:25.873 [info] Starting the RIAK metadata backend
11:27:25.918 [info] RIAK server host: nil
11:27:25.918 [info] RIAK server port: nil
11:27:25.918 [info] RIAK index: nil
11:27:25.921 [info] RIAK bucket: {nil, nil}
11:27:26.069 [debug] Domain: "/cdmi_domains/system_domain/"
11:27:26.069 [debug] get_domain_hash for "/cdmi_domains/system_domain/"
11:27:26.113 [debug] get_domain_hash for "/cdmi_domains/system_domain/"
11:28:23.208 [info] Starting the RIAK metadata backend
11:28:23.217 [info] RIAK server host: nil
11:28:23.217 [info] RIAK server port: nil
11:28:23.217 [info] RIAK index: nil
11:28:23.218 [info] RIAK bucket: {nil, nil}
11:28:23.320 [debug] get_domain_hash for "/cdmi_domains/system_domain/"
11:28:23.351 [debug] Domain: "/cdmi_domains/system_domain/"
11:28:23.351 [debug] get_domain_hash for "/cdmi_domains/system_domain/"
11:30:30.726 [info] Starting the RIAK metadata backend
11:30:30.734 [info] RIAK server host: nil
11:30:30.734 [info] RIAK server port: nil
11:30:30.734 [info] RIAK index: nil
11:30:30.736 [info] RIAK bucket: {nil, nil}
11:30:30.848 [debug] get_domain_hash for "/cdmi_domains/system_domain/"
11:30:30.876 [debug] Domain: "/cdmi_domains/system_domain/"
11:30:30.876 [debug] get_domain_hash for "/cdmi_domains/system_domain/"
11:30:30.879 [debug] Domain: "/cdmi_domains/system_domain/"
11:30:30.879 [debug] get_domain_hash for "/cdmi_domains/system_domain/"
11:31:30.002 [info] Starting the RIAK metadata backend
11:31:30.011 [info] RIAK server host: nil
11:31:30.011 [info] RIAK server port: nil
11:31:30.011 [info] RIAK index: nil
11:31:30.012 [info] RIAK bucket: {nil, nil}
11:31:30.128 [debug] Domain: "/cdmi_domains/system_domain/"
11:31:30.128 [debug] get_domain_hash for "/cdmi_domains/system_domain/"
11:31:30.160 [debug] get_domain_hash for "/cdmi_domains/system_domain/"
11:31:30.160 [debug] Domain: "/cdmi_domains/system_domain/"
11:31:30.160 [debug] get_domain_hash for "/cdmi_domains/system_domain/"
11:31:55.842 [info] Starting the RIAK metadata backend
11:31:55.863 [info] RIAK server host: nil
11:31:55.863 [info] RIAK server port: nil
11:31:55.863 [info] RIAK index: nil
11:31:55.868 [info] RIAK bucket: {nil, nil}
11:31:55.998 [debug] Domain: "/cdmi_domains/system_domain/"
11:31:55.998 [debug] get_domain_hash for "/cdmi_domains/system_domain/"
11:31:56.032 [debug] Domain: "/cdmi_domains/system_domain/"
11:31:56.032 [debug] get_domain_hash for "/cdmi_domains/system_domain/"
11:31:56.032 [debug] get_domain_hash for "/cdmi_domains/system_domain/"
11:35:22.127 [info] Starting the RIAK metadata backend
11:35:22.131 [info] RIAK server host: nil
11:35:22.131 [info] RIAK server port: nil
11:35:22.131 [info] RIAK index: nil
11:35:22.131 [info] RIAK bucket: {nil, nil}
11:35:22.239 [debug] Domain: "/cdmi_domains/system_domain/"
11:35:22.239 [debug] get_domain_hash for "/cdmi_domains/system_domain/"
11:35:22.275 [debug] Domain: "/cdmi_domains/system_domain/"
11:35:22.276 [debug] get_domain_hash for "/cdmi_domains/system_domain/"
11:35:22.276 [debug] get_domain_hash for "/cdmi_domains/system_domain/"
11:36:25.214 [info] Starting the RIAK metadata backend
11:36:25.224 [info] RIAK server host: nil
11:36:25.224 [info] RIAK server port: nil
11:36:25.224 [info] RIAK index: nil
11:36:25.225 [info] RIAK bucket: {nil, nil}
11:36:25.329 [debug] get_domain_hash for "/cdmi_domains/system_domain/"
11:36:25.361 [debug] Domain: "/cdmi_domains/system_domain/"
11:36:25.361 [debug] get_domain_hash for "/cdmi_domains/system_domain/"
11:36:25.361 [debug] Domain: "/cdmi_domains/system_domain/"
11:36:25.361 [debug] get_domain_hash for "/cdmi_domains/system_domain/"
14:31:45.087 [debug] Domain: "/cdmi_domains/system_domain/"
14:31:45.087 [debug] get_domain_hash for "/cdmi_domains/system_domain/"
14:31:45.119 [debug] get_domain_hash for "/cdmi_domains/system_domain/"
14:31:45.119 [debug] Domain: "/cdmi_domains/system_domain/"
14:31:45.119 [debug] get_domain_hash for "/cdmi_domains/system_domain/"
14:33:32.167 [debug] Domain: "/cdmi_domains/system_domain/"
14:33:32.167 [debug] get_domain_hash for "/cdmi_domains/system_domain/"
14:33:32.194 [debug] Domain: "/cdmi_domains/system_domain/"
14:33:32.194 [debug] get_domain_hash for "/cdmi_domains/system_domain/"
14:33:32.194 [debug] get_domain_hash for "/cdmi_domains/system_domain/"
14:36:23.852 [debug] get_domain_hash for "/cdmi_domains/system_domain/"
14:36:23.886 [debug] handle_call: :available
14:36:23.892 [debug] Domain: "/cdmi_domains/system_domain/"
14:36:23.892 [debug] get_domain_hash for "/cdmi_domains/system_domain/"
14:36:23.893 [debug] Domain: "/cdmi_domains/system_domain/"
14:36:23.893 [debug] get_domain_hash for "/cdmi_domains/system_domain/"
14:37:09.516 [debug] get_domain_hash for "/cdmi_domains/system_domain/"
14:37:09.548 [debug] Domain: "/cdmi_domains/system_domain/"
14:37:09.548 [debug] get_domain_hash for "/cdmi_domains/system_domain/"
14:37:09.549 [debug] Domain: "/cdmi_domains/system_domain/"
14:37:09.549 [debug] get_domain_hash for "/cdmi_domains/system_domain/"
14:50:57.366 [debug] Domain: "/cdmi_domains/system_domain/"
14:50:57.366 [debug] get_domain_hash for "/cdmi_domains/system_domain/"
14:50:57.403 [debug] Domain: "/cdmi_domains/system_domain/"
14:50:57.403 [debug] get_domain_hash for "/cdmi_domains/system_domain/"
14:50:57.403 [debug] get_domain_hash for "/cdmi_domains/system_domain/"
14:56:15.119 [debug] get_domain_hash for "/cdmi_domains/system_domain/"
14:56:15.154 [debug] handle_call: :available
14:56:15.158 [debug] Domain: "/cdmi_domains/system_domain/"
14:56:15.158 [debug] get_domain_hash for "/cdmi_domains/system_domain/"
14:56:15.159 [debug] Domain: "/cdmi_domains/system_domain/"
14:56:15.159 [debug] get_domain_hash for "/cdmi_domains/system_domain/"
14:59:27.145 [debug] Domain: "/cdmi_domains/system_domain/"
14:59:27.145 [debug] get_domain_hash for "/cdmi_domains/system_domain/"
14:59:27.185 [debug] handle_call: :available
14:59:27.192 [debug] Domain: "/cdmi_domains/system_domain/"
14:59:27.192 [debug] get_domain_hash for "/cdmi_domains/system_domain/"
14:59:27.193 [debug] get_domain_hash for "/cdmi_domains/system_domain/"
15:34:22.471 [debug] handle_call: :available
15:34:22.483 [debug] Domain: "/cdmi_domains/system_domain/"
15:34:22.483 [debug] get_domain_hash for "/cdmi_domains/system_domain/"
15:34:22.516 [debug] Domain: "/cdmi_domains/system_domain/"
15:34:22.516 [debug] get_domain_hash for "/cdmi_domains/system_domain/"
15:34:22.516 [debug] get_domain_hash for "/cdmi_domains/system_domain/"
15:36:52.794 [debug] Domain: "/cdmi_domains/system_domain/"
15:36:52.794 [debug] get_domain_hash for "/cdmi_domains/system_domain/"
15:36:52.822 [debug] get_domain_hash for "/cdmi_domains/system_domain/"
15:36:52.838 [debug] Domain: "/cdmi_domains/system_domain/"
15:36:52.838 [debug] get_domain_hash for "/cdmi_domains/system_domain/"
15:38:02.065 [debug] get_domain_hash for "/cdmi_domains/system_domain/"
15:38:02.100 [debug] Domain: "/cdmi_domains/system_domain/"
15:38:02.100 [debug] get_domain_hash for "/cdmi_domains/system_domain/"
15:38:02.100 [debug] Domain: "/cdmi_domains/system_domain/"
15:38:02.100 [debug] get_domain_hash for "/cdmi_domains/system_domain/"
15:38:26.162 [debug] get_domain_hash for "/cdmi_domains/system_domain/"
15:38:26.198 [debug] Domain: "/cdmi_domains/system_domain/"
15:38:26.198 [debug] get_domain_hash for "/cdmi_domains/system_domain/"
15:38:26.198 [debug] Domain: "/cdmi_domains/system_domain/"
15:38:26.198 [debug] get_domain_hash for "/cdmi_domains/system_domain/"
15:38:26.199 [debug] handle_call: :available
15:38:52.348 [debug] get_domain_hash for "/cdmi_domains/system_domain/"
15:38:52.384 [debug] handle_call: :available
15:38:52.395 [debug] Domain: "/cdmi_domains/system_domain/"
15:38:52.395 [debug] get_domain_hash for "/cdmi_domains/system_domain/"
15:38:52.395 [debug] Domain: "/cdmi_domains/system_domain/"
15:38:52.395 [debug] get_domain_hash for "/cdmi_domains/system_domain/"
15:39:05.286 [debug] get_domain_hash for "/cdmi_domains/system_domain/"
15:39:05.317 [debug] Domain: "/cdmi_domains/system_domain/"
15:39:05.317 [debug] get_domain_hash for "/cdmi_domains/system_domain/"
15:39:05.318 [debug] handle_call: :available
15:39:05.327 [debug] Domain: "/cdmi_domains/system_domain/"
15:39:05.327 [debug] get_domain_hash for "/cdmi_domains/system_domain/"
15:39:16.776 [debug] Domain: "/cdmi_domains/system_domain/"
15:39:16.776 [debug] get_domain_hash for "/cdmi_domains/system_domain/"
15:39:16.804 [debug] get_domain_hash for "/cdmi_domains/system_domain/"
15:39:16.805 [debug] handle_call: :available
15:39:16.811 [debug] Domain: "/cdmi_domains/system_domain/"
15:39:16.811 [debug] get_domain_hash for "/cdmi_domains/system_domain/"
15:40:00.819 [debug] Domain: "/cdmi_domains/system_domain/"
15:40:00.819 [debug] get_domain_hash for "/cdmi_domains/system_domain/"
15:40:00.850 [debug] get_domain_hash for "/cdmi_domains/system_domain/"
15:40:00.851 [debug] Domain: "/cdmi_domains/system_domain/"
15:40:00.851 [debug] get_domain_hash for "/cdmi_domains/system_domain/"
15:40:00.852 [debug] handle_call: :available
15:40:19.810 [debug] Domain: "/cdmi_domains/system_domain/"
15:40:19.810 [debug] get_domain_hash for "/cdmi_domains/system_domain/"
15:40:19.838 [debug] get_domain_hash for "/cdmi_domains/system_domain/"
15:40:19.838 [debug] Domain: "/cdmi_domains/system_domain/"
15:40:19.838 [debug] get_domain_hash for "/cdmi_domains/system_domain/"
15:40:19.839 [debug] handle_call: :available
15:40:31.086 [debug] Domain: "/cdmi_domains/system_domain/"
15:40:31.086 [debug] get_domain_hash for "/cdmi_domains/system_domain/"
15:40:31.118 [debug] get_domain_hash for "/cdmi_domains/system_domain/"
15:40:31.119 [debug] handle_call: :available
15:40:31.129 [debug] Domain: "/cdmi_domains/system_domain/"
15:40:31.129 [debug] get_domain_hash for "/cdmi_domains/system_domain/"
15:45:29.946 [debug] Domain: "/cdmi_domains/system_domain/"
15:45:29.946 [debug] get_domain_hash for "/cdmi_domains/system_domain/"
15:45:29.979 [debug] handle_call: :available
15:45:29.991 [debug] Domain: "/cdmi_domains/system_domain/"
15:45:29.991 [debug] get_domain_hash for "/cdmi_domains/system_domain/"
15:45:29.991 [debug] get_domain_hash for "/cdmi_domains/system_domain/"
15:48:15.673 [debug] handle_call: :available
15:48:15.686 [debug] Domain: "/cdmi_domains/system_domain/"
15:48:15.687 [debug] get_domain_hash for "/cdmi_domains/system_domain/"
15:48:15.725 [debug] Domain: "/cdmi_domains/system_domain/"
15:48:15.725 [debug] get_domain_hash for "/cdmi_domains/system_domain/"
15:48:15.725 [debug] get_domain_hash for "/cdmi_domains/system_domain/"
15:49:12.644 [debug] Domain: "/cdmi_domains/system_domain/"
15:49:12.644 [debug] get_domain_hash for "/cdmi_domains/system_domain/"
15:49:12.680 [debug] Domain: "/cdmi_domains/system_domain/"
15:49:12.680 [debug] get_domain_hash for "/cdmi_domains/system_domain/"
15:49:12.681 [debug] handle_call: :available
15:49:12.684 [error] pool 'riaklocal1' failed to start member: {:error, {:tcp, :nxdomain}}
15:49:12.684 [error] pool 'riaklocal1' failed to start member: {:error, {:tcp, :nxdomain}}
15:49:12.685 [error] pool 'riaklocal1' failed to start member: {:error, {:tcp, :nxdomain}}
15:49:12.686 [error] pool 'riaklocal1' failed to start member: {:error, {:tcp, :nxdomain}}
15:49:12.687 [error] pool 'riaklocal1' failed to start member: {:error, {:tcp, :nxdomain}}
15:49:12.785 [error] pool 'riaklocal1' failed to start member: {:error, {:tcp, :nxdomain}}
15:49:12.786 [error] pool 'riaklocal1' failed to start member: {:error, {:tcp, :nxdomain}}
15:49:12.787 [error] pool 'riaklocal1' failed to start member: {:error, {:tcp, :nxdomain}}
15:49:12.788 [error] pool 'riaklocal1' failed to start member: {:error, {:tcp, :nxdomain}}
15:49:12.789 [error] pool 'riaklocal1' failed to start member: {:error, {:tcp, :nxdomain}}
15:49:12.886 [error] pool 'riaklocal1' failed to start member: {:error, {:tcp, :nxdomain}}
15:49:12.887 [error] pool 'riaklocal1' failed to start member: {:error, {:tcp, :nxdomain}}
15:49:12.888 [error] pool 'riaklocal1' failed to start member: {:error, {:tcp, :nxdomain}}
15:49:12.888 [error] pool 'riaklocal1' failed to start member: {:error, {:tcp, :nxdomain}}
15:49:12.889 [error] pool 'riaklocal1' failed to start member: {:error, {:tcp, :nxdomain}}
15:49:12.987 [error] pool 'riaklocal1' failed to start member: {:error, {:tcp, :nxdomain}}
15:49:12.988 [error] pool 'riaklocal1' failed to start member: {:error, {:tcp, :nxdomain}}
15:49:12.989 [error] pool 'riaklocal1' failed to start member: {:error, {:tcp, :nxdomain}}
15:49:12.990 [error] pool 'riaklocal1' failed to start member: {:error, {:tcp, :nxdomain}}
15:49:12.991 [error] pool 'riaklocal1' failed to start member: {:error, {:tcp, :nxdomain}}
15:49:13.087 [error] pool 'riaklocal1' failed to start member: {:error, {:tcp, :nxdomain}}
15:49:13.088 [error] pool 'riaklocal1' failed to start member: {:error, {:tcp, :nxdomain}}
15:49:13.088 [error] pool 'riaklocal1' failed to start member: {:error, {:tcp, :nxdomain}}
15:49:13.089 [error] pool 'riaklocal1' failed to start member: {:error, {:tcp, :nxdomain}}
15:49:13.089 [error] pool 'riaklocal1' failed to start member: {:error, {:tcp, :nxdomain}}
15:49:13.194 [debug] get_domain_hash for "/cdmi_domains/system_domain/"
15:50:47.238 [debug] Domain: "/cdmi_domains/system_domain/"
15:50:47.238 [debug] get_domain_hash for "/cdmi_domains/system_domain/"
15:50:47.273 [debug] Domain: "/cdmi_domains/system_domain/"
15:50:47.273 [debug] get_domain_hash for "/cdmi_domains/system_domain/"
15:50:47.273 [debug] get_domain_hash for "/cdmi_domains/system_domain/"
15:51:10.209 [debug] Domain: "/cdmi_domains/system_domain/"
15:51:10.209 [debug] get_domain_hash for "/cdmi_domains/system_domain/"
15:51:10.238 [debug] get_domain_hash for "/cdmi_domains/system_domain/"
15:51:10.243 [debug] Domain: "/cdmi_domains/system_domain/"
15:51:10.243 [debug] get_domain_hash for "/cdmi_domains/system_domain/"
15:51:41.152 [debug] Domain: "/cdmi_domains/system_domain/"
15:51:41.153 [debug] get_domain_hash for "/cdmi_domains/system_domain/"
15:51:41.185 [debug] get_domain_hash for "/cdmi_domains/system_domain/"
15:51:41.185 [debug] Domain: "/cdmi_domains/system_domain/"
15:51:41.185 [debug] get_domain_hash for "/cdmi_domains/system_domain/"
15:51:41.188 [debug] handle_call: :available
15:52:36.969 [debug] Domain: "/cdmi_domains/system_domain/"
15:52:36.969 [debug] get_domain_hash for "/cdmi_domains/system_domain/"
15:52:36.998 [debug] Domain: "/cdmi_domains/system_domain/"
15:52:36.998 [debug] get_domain_hash for "/cdmi_domains/system_domain/"
15:52:37.002 [debug] handle_call: :available
15:52:37.014 [debug] get_domain_hash for "/cdmi_domains/system_domain/"
15:53:50.105 [debug] Domain: "/cdmi_domains/system_domain/"
15:53:50.105 [debug] get_domain_hash for "/cdmi_domains/system_domain/"
15:53:50.134 [debug] get_domain_hash for "/cdmi_domains/system_domain/"
15:53:50.135 [debug] handle_call: :available
15:53:50.143 [debug] Domain: "/cdmi_domains/system_domain/"
15:53:50.143 [debug] get_domain_hash for "/cdmi_domains/system_domain/"
15:58:38.586 [debug] Domain: "/cdmi_domains/system_domain/"
15:58:38.586 [debug] get_domain_hash for "/cdmi_domains/system_domain/"
15:58:38.616 [debug] handle_call: :available
15:58:38.623 [debug] Domain: "/cdmi_domains/system_domain/"
15:58:38.623 [debug] get_domain_hash for "/cdmi_domains/system_domain/"
15:58:38.623 [debug] get_domain_hash for "/cdmi_domains/system_domain/"
16:02:22.268 [debug] get_domain_hash for "/cdmi_domains/system_domain/"
16:02:22.307 [debug] handle_call: :available
16:02:22.314 [debug] Domain: "/cdmi_domains/system_domain/"
16:02:22.314 [debug] get_domain_hash for "/cdmi_domains/system_domain/"
16:02:22.314 [debug] Domain: "/cdmi_domains/system_domain/"
16:02:22.314 [debug] get_domain_hash for "/cdmi_domains/system_domain/"
16:03:34.904 [debug] Domain: "/cdmi_domains/system_domain/"
16:03:34.904 [debug] get_domain_hash for "/cdmi_domains/system_domain/"
16:03:34.935 [debug] handle_call: :available
16:03:34.945 [debug] get_domain_hash for "/cdmi_domains/system_domain/"
16:03:34.946 [debug] Domain: "/cdmi_domains/system_domain/"
16:03:34.946 [debug] get_domain_hash for "/cdmi_domains/system_domain/"
16:10:02.485 [debug] Domain: "/cdmi_domains/system_domain/"
16:10:02.485 [debug] get_domain_hash for "/cdmi_domains/system_domain/"
16:10:02.514 [debug] handle_call: :available
16:10:02.526 [debug] get_domain_hash for "/cdmi_domains/system_domain/"
16:10:02.526 [debug] Domain: "/cdmi_domains/system_domain/"
16:10:02.526 [debug] get_domain_hash for "/cdmi_domains/system_domain/"
16:19:00.733 [debug] get_domain_hash for "/cdmi_domains/system_domain/"
16:19:00.765 [debug] Domain: "/cdmi_domains/system_domain/"
16:19:00.765 [debug] get_domain_hash for "/cdmi_domains/system_domain/"
16:19:00.765 [debug] Domain: "/cdmi_domains/system_domain/"
16:19:00.765 [debug] get_domain_hash for "/cdmi_domains/system_domain/"
16:19:00.766 [debug] handle_call: :available
10:22:00.064 [debug] handle_call: :available
10:22:00.065 [debug] Domain: "/cdmi_domains/system_domain/"
10:22:00.065 [debug] get_domain_hash for "/cdmi_domains/system_domain/"
10:22:00.102 [debug] get_domain_hash for "/cdmi_domains/system_domain/"
10:22:00.102 [debug] Domain: "/cdmi_domains/system_domain/"
10:22:00.102 [debug] get_domain_hash for "/cdmi_domains/system_domain/"
10:24:43.499 [debug] handle_call: :get
10:24:43.512 [debug] Domain: "/cdmi_domains/system_domain/"
10:24:43.512 [debug] get_domain_hash for "/cdmi_domains/system_domain/"
10:24:43.547 [debug] handle_call: :available
10:24:43.547 [debug] get_domain_hash for "/cdmi_domains/system_domain/"
10:24:43.548 [debug] Domain: "/cdmi_domains/system_domain/"
10:24:43.548 [debug] get_domain_hash for "/cdmi_domains/system_domain/"
10:25:43.669 [debug] handle_call: :available
10:25:43.671 [debug] Domain: "/cdmi_domains/system_domain/"
10:25:43.671 [debug] get_domain_hash for "/cdmi_domains/system_domain/"
10:25:43.701 [debug] get_domain_hash for "/cdmi_domains/system_domain/"
10:25:43.701 [debug] handle_call: :get
10:25:43.710 [debug] Domain: "/cdmi_domains/system_domain/"
10:25:43.710 [debug] get_domain_hash for "/cdmi_domains/system_domain/"
10:26:34.978 [debug] Domain: "/cdmi_domains/system_domain/"
10:26:34.978 [debug] get_domain_hash for "/cdmi_domains/system_domain/"
10:26:35.006 [debug] Domain: "/cdmi_domains/system_domain/"
10:26:35.006 [debug] get_domain_hash for "/cdmi_domains/system_domain/"
10:26:35.007 [debug] handle_call: :get
10:26:35.014 [debug] handle_call: :available
10:26:35.014 [debug] get_domain_hash for "/cdmi_domains/system_domain/"
10:39:35.639 [debug] handle_call: :available
10:39:35.640 [debug] Domain: "/cdmi_domains/system_domain/"
10:39:35.640 [debug] get_domain_hash for "/cdmi_domains/system_domain/"
10:39:35.672 [debug] get_domain_hash for "/cdmi_domains/system_domain/"
10:39:35.673 [debug] Domain: "/cdmi_domains/system_domain/"
10:39:35.673 [debug] get_domain_hash for "/cdmi_domains/system_domain/"
10:41:49.777 [debug] handle_call: :available
10:41:49.777 [debug] get_domain_hash for "/cdmi_domains/system_domain/"
10:41:49.816 [debug] Domain: "/cdmi_domains/system_domain/"
10:41:49.816 [debug] get_domain_hash for "/cdmi_domains/system_domain/"
10:41:49.816 [debug] Domain: "/cdmi_domains/system_domain/"
10:41:49.816 [debug] get_domain_hash for "/cdmi_domains/system_domain/"
10:43:30.050 [debug] handle_call: :available
10:43:30.051 [debug] Domain: "/cdmi_domains/system_domain/"
10:43:30.051 [debug] get_domain_hash for "/cdmi_domains/system_domain/"
10:43:30.082 [debug] Domain: "/cdmi_domains/system_domain/"
10:43:30.083 [debug] get_domain_hash for "/cdmi_domains/system_domain/"
10:43:30.085 [debug] get_domain_hash for "/cdmi_domains/system_domain/"
10:46:41.518 [debug] handle_call: :get
10:46:41.529 [debug] handle_call: :available
10:46:41.529 [debug] Domain: "/cdmi_domains/system_domain/"
10:46:41.529 [debug] get_domain_hash for "/cdmi_domains/system_domain/"
10:46:41.570 [debug] Domain: "/cdmi_domains/system_domain/"
10:46:41.570 [debug] get_domain_hash for "/cdmi_domains/system_domain/"
10:46:41.570 [debug] get_domain_hash for "/cdmi_domains/system_domain/"
10:48:34.280 [debug] get_domain_hash for "/cdmi_domains/system_domain/"
10:48:34.307 [debug] Domain: "/cdmi_domains/system_domain/"
10:48:34.307 [debug] get_domain_hash for "/cdmi_domains/system_domain/"
10:48:34.312 [debug] handle_call: :get
10:48:34.330 [debug] handle_call: :available
10:48:34.330 [debug] Domain: "/cdmi_domains/system_domain/"
10:48:34.330 [debug] get_domain_hash for "/cdmi_domains/system_domain/"
10:49:33.836 [debug] Domain: "/cdmi_domains/system_domain/"
10:49:33.836 [debug] get_domain_hash for "/cdmi_domains/system_domain/"
10:49:33.870 [debug] handle_call: :get
10:49:33.875 [debug] get_domain_hash for "/cdmi_domains/system_domain/"
10:49:33.875 [debug] Domain: "/cdmi_domains/system_domain/"
10:49:33.875 [debug] get_domain_hash for "/cdmi_domains/system_domain/"
10:49:33.876 [debug] handle_call: :available
10:51:12.283 [debug] handle_call: :available
10:51:12.287 [debug] Domain: "/cdmi_domains/system_domain/"
10:51:12.287 [debug] get_domain_hash for "/cdmi_domains/system_domain/"
10:51:12.318 [debug] get_domain_hash for "/cdmi_domains/system_domain/"
10:51:12.325 [debug] handle_call: :get
10:51:12.331 [debug] Domain: "/cdmi_domains/system_domain/"
10:51:12.331 [debug] get_domain_hash for "/cdmi_domains/system_domain/"
10:54:56.007 [debug] Domain: "/cdmi_domains/system_domain/"
10:54:56.007 [debug] get_domain_hash for "/cdmi_domains/system_domain/"
10:54:56.039 [debug] handle_call: :available
10:54:56.039 [debug] get_domain_hash for "/cdmi_domains/system_domain/"
10:54:56.045 [debug] handle_call: :get
10:54:56.054 [debug] Domain: "/cdmi_domains/system_domain/"
10:54:56.055 [debug] get_domain_hash for "/cdmi_domains/system_domain/"
10:56:25.463 [debug] get_domain_hash for "/cdmi_domains/system_domain/"
10:56:25.495 [debug] handle_call: :available
10:56:25.501 [debug] handle_call: :get
10:56:25.511 [debug] Domain: "/cdmi_domains/system_domain/"
10:56:25.511 [debug] get_domain_hash for "/cdmi_domains/system_domain/"
10:56:25.512 [debug] Domain: "/cdmi_domains/system_domain/"
10:56:25.512 [debug] get_domain_hash for "/cdmi_domains/system_domain/"
13:19:43.514 [debug] Domain: "/cdmi_domains/system_domain/"
13:19:43.514 [debug] get_domain_hash for "/cdmi_domains/system_domain/"
13:19:43.547 [debug] Domain: "/cdmi_domains/system_domain/"
13:19:43.547 [debug] get_domain_hash for "/cdmi_domains/system_domain/"
13:19:43.547 [debug] get_domain_hash for "/cdmi_domains/system_domain/"
13:20:39.305 [debug] Domain: "/cdmi_domains/system_domain/"
13:20:39.305 [debug] get_domain_hash for "/cdmi_domains/system_domain/"
13:20:39.336 [debug] get_domain_hash for "/cdmi_domains/system_domain/"
13:20:39.336 [debug] Domain: "/cdmi_domains/system_domain/"
13:20:39.336 [debug] get_domain_hash for "/cdmi_domains/system_domain/"
13:22:04.668 [debug] Domain: "/cdmi_domains/system_domain/"
13:22:04.668 [debug] get_domain_hash for "/cdmi_domains/system_domain/"
13:22:04.700 [debug] handle_call: :available
13:22:04.701 [debug] Domain: "/cdmi_domains/system_domain/"
13:22:04.701 [debug] get_domain_hash for "/cdmi_domains/system_domain/"
13:22:04.701 [debug] get_domain_hash for "/cdmi_domains/system_domain/"
13:22:38.371 [debug] handle_call: :available
13:22:38.373 [debug] Domain: "/cdmi_domains/system_domain/"
13:22:38.373 [debug] get_domain_hash for "/cdmi_domains/system_domain/"
13:22:38.403 [debug] Domain: "/cdmi_domains/system_domain/"
13:22:38.403 [debug] get_domain_hash for "/cdmi_domains/system_domain/"
13:22:38.404 [debug] get_domain_hash for "/cdmi_domains/system_domain/"
13:23:20.308 [debug] get_domain_hash for "/cdmi_domains/system_domain/"
13:23:20.337 [debug] Domain: "/cdmi_domains/system_domain/"
13:23:20.337 [debug] get_domain_hash for "/cdmi_domains/system_domain/"
13:23:20.338 [debug] handle_call: :available
13:23:20.338 [debug] Domain: "/cdmi_domains/system_domain/"
13:23:20.338 [debug] get_domain_hash for "/cdmi_domains/system_domain/"
13:23:20.345 [debug] handle_call: :get
13:24:55.849 [debug] handle_call: :available
13:24:55.854 [debug] get_domain_hash for "/cdmi_domains/system_domain/"
13:24:55.920 [debug] handle_call: :get
13:24:55.939 [debug] Domain: "/cdmi_domains/system_domain/"
13:24:55.939 [debug] get_domain_hash for "/cdmi_domains/system_domain/"
13:24:55.939 [debug] Domain: "/cdmi_domains/system_domain/"
13:24:55.939 [debug] get_domain_hash for "/cdmi_domains/system_domain/"
13:31:16.181 [debug] handle_call: :available
13:31:16.182 [debug] Domain: "/cdmi_domains/system_domain/"
13:31:16.182 [debug] get_domain_hash for "/cdmi_domains/system_domain/"
13:31:16.216 [debug] handle_call: :get
13:31:16.222 [debug] Domain: "/cdmi_domains/system_domain/"
13:31:16.222 [debug] get_domain_hash for "/cdmi_domains/system_domain/"
13:31:16.222 [debug] get_domain_hash for "/cdmi_domains/system_domain/"
13:33:37.062 [debug] get_domain_hash for "/cdmi_domains/system_domain/"
13:33:37.101 [debug] handle_call: :get
13:33:37.110 [debug] Domain: "/cdmi_domains/system_domain/"
13:33:37.110 [debug] get_domain_hash for "/cdmi_domains/system_domain/"
13:33:37.110 [debug] Domain: "/cdmi_domains/system_domain/"
13:33:37.110 [debug] get_domain_hash for "/cdmi_domains/system_domain/"
13:33:37.110 [debug] handle_call: :available
13:36:01.322 [debug] handle_call: :available
13:36:01.324 [debug] Domain: "/cdmi_domains/system_domain/"
13:36:01.324 [debug] get_domain_hash for "/cdmi_domains/system_domain/"
13:36:01.353 [debug] Domain: "/cdmi_domains/system_domain/"
13:36:01.353 [debug] get_domain_hash for "/cdmi_domains/system_domain/"
13:36:01.354 [debug] get_domain_hash for "/cdmi_domains/system_domain/"
13:36:01.361 [debug] handle_call: :get
13:36:19.616 [debug] handle_call: :get
13:36:19.632 [debug] get_domain_hash for "/cdmi_domains/system_domain/"
13:36:19.664 [debug] Domain: "/cdmi_domains/system_domain/"
13:36:19.664 [debug] get_domain_hash for "/cdmi_domains/system_domain/"
13:36:19.665 [debug] handle_call: :available
13:36:19.665 [debug] Domain: "/cdmi_domains/system_domain/"
13:36:19.665 [debug] get_domain_hash for "/cdmi_domains/system_domain/"
13:40:25.076 [debug] handle_call: :available
13:40:25.078 [debug] get_domain_hash for "/cdmi_domains/system_domain/"
13:40:25.111 [debug] Domain: "/cdmi_domains/system_domain/"
13:40:25.111 [debug] get_domain_hash for "/cdmi_domains/system_domain/"
13:40:25.116 [debug] handle_call: :get
13:40:25.127 [debug] Domain: "/cdmi_domains/system_domain/"
13:40:25.127 [debug] get_domain_hash for "/cdmi_domains/system_domain/"
13:41:02.448 [debug] Domain: "/cdmi_domains/system_domain/"
13:41:02.448 [debug] get_domain_hash for "/cdmi_domains/system_domain/"
13:41:02.479 [debug] get_domain_hash for "/cdmi_domains/system_domain/"
13:41:02.485 [debug] handle_call: :available
13:41:02.485 [debug] Domain: "/cdmi_domains/system_domain/"
13:41:02.485 [debug] get_domain_hash for "/cdmi_domains/system_domain/"
13:41:02.493 [debug] handle_call: :get
13:42:17.022 [debug] get_domain_hash for "/cdmi_domains/system_domain/"
13:42:17.064 [debug] Domain: "/cdmi_domains/system_domain/"
13:42:17.064 [debug] get_domain_hash for "/cdmi_domains/system_domain/"
13:42:17.064 [debug] Domain: "/cdmi_domains/system_domain/"
13:42:17.064 [debug] get_domain_hash for "/cdmi_domains/system_domain/"
13:42:54.176 [debug] Domain: "/cdmi_domains/system_domain/"
13:42:54.176 [debug] get_domain_hash for "/cdmi_domains/system_domain/"
13:42:54.217 [debug] Domain: "/cdmi_domains/system_domain/"
13:42:54.217 [debug] get_domain_hash for "/cdmi_domains/system_domain/"
13:42:54.218 [debug] get_domain_hash for "/cdmi_domains/system_domain/"
13:43:42.896 [debug] get_domain_hash for "/cdmi_domains/system_domain/"
13:43:42.935 [debug] Domain: "/cdmi_domains/system_domain/"
13:43:42.935 [debug] get_domain_hash for "/cdmi_domains/system_domain/"
13:43:42.935 [debug] Domain: "/cdmi_domains/system_domain/"
13:43:42.935 [debug] get_domain_hash for "/cdmi_domains/system_domain/"
13:45:39.326 [debug] handle_call: :get
13:45:39.337 [debug] get_domain_hash for "/cdmi_domains/system_domain/"
13:45:39.366 [debug] handle_call: :available
13:45:39.366 [debug] Domain: "/cdmi_domains/system_domain/"
13:45:39.366 [debug] get_domain_hash for "/cdmi_domains/system_domain/"
13:45:39.366 [debug] Domain: "/cdmi_domains/system_domain/"
13:45:39.366 [debug] get_domain_hash for "/cdmi_domains/system_domain/"
13:47:17.192 [debug] get_domain_hash for "/cdmi_domains/system_domain/"
13:47:17.221 [debug] Domain: "/cdmi_domains/system_domain/"
13:47:17.221 [debug] get_domain_hash for "/cdmi_domains/system_domain/"
13:47:17.236 [debug] handle_call: :get
13:47:17.249 [debug] Domain: "/cdmi_domains/system_domain/"
13:47:17.250 [debug] get_domain_hash for "/cdmi_domains/system_domain/"
13:47:17.250 [debug] handle_call: :available
13:47:43.705 [debug] handle_call: :get
13:47:43.718 [debug] get_domain_hash for "/cdmi_domains/system_domain/"
13:47:43.753 [debug] Domain: "/cdmi_domains/system_domain/"
13:47:43.753 [debug] get_domain_hash for "/cdmi_domains/system_domain/"
13:47:43.754 [debug] Domain: "/cdmi_domains/system_domain/"
13:47:43.754 [debug] get_domain_hash for "/cdmi_domains/system_domain/"
13:47:43.754 [debug] handle_call: :available
13:50:22.790 [debug] Domain: "/cdmi_domains/system_domain/"
13:50:22.790 [debug] get_domain_hash for "/cdmi_domains/system_domain/"
13:50:22.821 [debug] Domain: "/cdmi_domains/system_domain/"
13:50:22.822 [debug] get_domain_hash for "/cdmi_domains/system_domain/"
13:50:22.827 [debug] handle_call: :available
13:50:22.835 [debug] handle_call: :get
13:50:22.848 [debug] get_domain_hash for "/cdmi_domains/system_domain/"
13:53:08.896 [debug] get_domain_hash for "/cdmi_domains/system_domain/"
13:53:08.941 [debug] handle_call: :get
13:53:08.952 [debug] handle_call: :available
13:53:08.953 [debug] Domain: "/cdmi_domains/system_domain/"
13:53:08.953 [debug] get_domain_hash for "/cdmi_domains/system_domain/"
13:53:08.953 [debug] Domain: "/cdmi_domains/system_domain/"
13:53:08.953 [debug] get_domain_hash for "/cdmi_domains/system_domain/"
13:55:21.139 [debug] handle_call: :get
13:55:21.145 [debug] get_domain_hash for "/cdmi_domains/system_domain/"
13:55:21.182 [debug] Domain: "/cdmi_domains/system_domain/"
13:55:21.182 [debug] get_domain_hash for "/cdmi_domains/system_domain/"
13:55:21.182 [debug] Domain: "/cdmi_domains/system_domain/"
13:55:21.183 [debug] get_domain_hash for "/cdmi_domains/system_domain/"
13:55:21.183 [debug] handle_call: :available
13:58:13.906 [debug] Domain: "/cdmi_domains/system_domain/"
13:58:13.906 [debug] get_domain_hash for "/cdmi_domains/system_domain/"
13:58:13.950 [debug] handle_call: :get
13:58:13.956 [debug] get_domain_hash for "/cdmi_domains/system_domain/"
13:58:13.957 [debug] Domain: "/cdmi_domains/system_domain/"
13:58:13.957 [debug] get_domain_hash for "/cdmi_domains/system_domain/"
13:58:13.958 [debug] handle_call: :available
14:01:25.108 [debug] Domain: "/cdmi_domains/system_domain/"
14:01:25.108 [debug] get_domain_hash for "/cdmi_domains/system_domain/"
14:01:25.142 [debug] handle_call: :available
14:01:25.142 [debug] Domain: "/cdmi_domains/system_domain/"
14:01:25.142 [debug] get_domain_hash for "/cdmi_domains/system_domain/"
14:01:25.142 [debug] get_domain_hash for "/cdmi_domains/system_domain/"
14:01:25.142 [debug] handle_call: :get
14:01:25.156 [debug] handle_call: :get
14:01:55.057 [debug] Domain: "/cdmi_domains/system_domain/"
14:01:55.057 [debug] get_domain_hash for "/cdmi_domains/system_domain/"
14:01:55.092 [debug] Domain: "/cdmi_domains/system_domain/"
14:01:55.092 [debug] get_domain_hash for "/cdmi_domains/system_domain/"
14:01:55.096 [debug] handle_call: :available
14:01:55.097 [debug] handle_call: :get
14:01:55.102 [debug] get_domain_hash for "/cdmi_domains/system_domain/"
14:03:12.107 [debug] handle_call: :get
14:03:12.121 [debug] handle_call: :get
14:03:12.123 [debug] handle_call: :available
14:03:12.123 [debug] get_domain_hash for "/cdmi_domains/system_domain/"
14:03:12.160 [debug] Domain: "/cdmi_domains/system_domain/"
14:03:12.160 [debug] get_domain_hash for "/cdmi_domains/system_domain/"
14:03:12.160 [debug] Domain: "/cdmi_domains/system_domain/"
14:03:12.160 [debug] get_domain_hash for "/cdmi_domains/system_domain/"
14:10:56.117 [debug] get_domain_hash for "/cdmi_domains/system_domain/"
14:10:56.157 [debug] handle_call: :get
14:10:56.166 [debug] handle_call: :get
14:10:56.167 [debug] Domain: "/cdmi_domains/system_domain/"
14:10:56.167 [debug] get_domain_hash for "/cdmi_domains/system_domain/"
14:10:56.167 [debug] Domain: "/cdmi_domains/system_domain/"
14:10:56.167 [debug] get_domain_hash for "/cdmi_domains/system_domain/"
14:10:56.168 [debug] handle_call: :available
14:11:15.531 [debug] handle_call: :available
14:11:15.533 [debug] Domain: "/cdmi_domains/system_domain/"
14:11:15.533 [debug] get_domain_hash for "/cdmi_domains/system_domain/"
14:11:15.563 [debug] handle_call: :get
14:11:15.574 [debug] handle_call: :get
14:11:15.574 [debug] Domain: "/cdmi_domains/system_domain/"
14:11:15.574 [debug] get_domain_hash for "/cdmi_domains/system_domain/"
14:11:15.574 [debug] get_domain_hash for "/cdmi_domains/system_domain/"
14:11:37.805 [debug] handle_call: :get
14:11:37.816 [debug] handle_call: :get
14:11:37.816 [debug] handle_call: :available
14:11:37.819 [debug] Domain: "/cdmi_domains/system_domain/"
14:11:37.819 [debug] get_domain_hash for "/cdmi_domains/system_domain/"
14:11:37.852 [debug] get_domain_hash for "/cdmi_domains/system_domain/"
14:11:37.852 [debug] Domain: "/cdmi_domains/system_domain/"
14:11:37.853 [debug] get_domain_hash for "/cdmi_domains/system_domain/"
14:11:50.651 [debug] handle_call: :get
14:11:50.662 [debug] handle_call: :get
14:11:50.664 [debug] Domain: "/cdmi_domains/system_domain/"
14:11:50.664 [debug] get_domain_hash for "/cdmi_domains/system_domain/"
14:11:50.694 [debug] get_domain_hash for "/cdmi_domains/system_domain/"
14:11:50.694 [debug] handle_call: :available
14:11:50.695 [debug] Domain: "/cdmi_domains/system_domain/"
14:11:50.695 [debug] get_domain_hash for "/cdmi_domains/system_domain/"
14:11:59.122 [debug] Domain: "/cdmi_domains/system_domain/"
14:11:59.122 [debug] get_domain_hash for "/cdmi_domains/system_domain/"
14:11:59.163 [debug] handle_call: :get
14:11:59.172 [debug] handle_call: :get
14:11:59.172 [debug] get_domain_hash for "/cdmi_domains/system_domain/"
14:11:59.172 [debug] handle_call: :available
14:11:59.173 [debug] Domain: "/cdmi_domains/system_domain/"
14:11:59.173 [debug] get_domain_hash for "/cdmi_domains/system_domain/"
